p/168.jpg 1 0 0 48 48
p/169.jpg 1 0 0 36 36
p/171.jpg 1 0 0 34 34
p/167.jpg 1 0 0 49 49
p/123.jpg 1 0 0 36 36
p/124.jpg 1 0 0 40 40
p/125.jpg 1 0 0 37 37
p/126.jpg 1 0 0 44 44
p/127.jpg 1 0 0 37 37
p/128.jpg 1 0 0 44 44
p/108.jpg 1 0 0 36 36
p/109.jpg 1 0 0 35 35
p/110.jpg 1 0 0 35 35
p/111.jpg 1 0 0 37 37
p/112.jpg 1 0 0 33 33
p/113.jpg 1 0 0 37 37
p/114.jpg 1 0 0 35 35
p/115.jpg 1 0 0 37 37
p/116.jpg 1 0 0 35 35
p/117.jpg 1 0 0 38 38
p/118.jpg 1 0 0 36 36
p/119.jpg 1 0 0 34 34
p/120.jpg 1 0 0 38 38
p/121.jpg 1 0 0 36 36
p/122.jpg 1 0 0 41 41
p/100.jpg 1 0 0 34 34
p/101.jpg 1 0 0 36 36
p/102.jpg 1 0 0 36 36
p/103.jpg 1 0 0 35 35
p/104.jpg 1 0 0 36 36
p/105.jpg 1 0 0 34 34
p/106.jpg 1 0 0 33 33
p/107.jpg 1 0 0 35 35
p/98.jpg 1 0 0 33 33
p/99.jpg 1 0 0 35 35
p/90.jpg 1 0 0 33 33
p/91.jpg 1 0 0 39 39
p/92.jpg 1 0 0 45 45
p/93.jpg 1 0 0 38 38
p/94.jpg 1 0 0 33 33
p/95.jpg 1 0 0 39 39
p/97.jpg 1 0 0 35 35
p/70.jpg 1 0 0 54 54
p/73.jpg 1 0 0 57 57
p/75.jpg 1 0 0 64 64
p/62.jpg 1 0 0 49 49
p/64.jpg 1 0 0 51 51
p/48.jpg 1 0 0 38 38
p/50.jpg 1 0 0 39 39
p/51.jpg 1 0 0 40 40
p/52.jpg 1 0 0 41 41
p/55.jpg 1 0 0 45 45
p/32.jpg 1 0 0 37 37
p/34.jpg 1 0 0 37 37
p/35.jpg 1 0 0 36 36
p/37.jpg 1 0 0 36 36
p/39.jpg 1 0 0 36 36
p/41.jpg 1 0 0 37 37
p/43.jpg 1 0 0 37 37
p/46.jpg 1 0 0 37 37
p/18.jpg 1 0 0 37 37
p/21.jpg 1 0 0 36 36
p/23.jpg 1 0 0 38 38
p/25.jpg 1 0 0 37 37
p/28.jpg 1 0 0 38 38
p/29.jpg 1 0 0 38 38
p/10.jpg 1 0 0 50 50
p/12.jpg 1 0 0 37 37
p/15.jpg 1 0 0 39 39
p/4.jpg 1 0 0 39 39
p/5.jpg 1 0 0 51 51
p/6.jpg 1 0 0 37 37
p/7.jpg 1 0 0 36 36
p/9.jpg 1 0 0 36 36
p/3.jpg 1 0 0 40 40
p/0.jpg 1 0 0 40 40
p/1.jpg 1 0 0 38 38
p/2.jpg 1 0 0 39 39